<?xml version="1.0" encoding="UTF-8" ?>
<testsuites>

  <testsuite name="jquery plugin" errors="0" tests="4" failures="0" time="0.01" timestamp="Tue Jun 03 2014 15:00:01 GMT-0300 (BRT)">
    
      <testcase assertions="0" classname="jquery plugin" name="should add default classes to the element" time="0.007">
        
      </testcase>
    
      <testcase assertions="0" classname="jquery plugin" name="should add default text to the element" time="0">
        
      </testcase>
    
      <testcase assertions="0" classname="jquery plugin" name="should add add custom classes to the element" time="0">
        
      </testcase>
    
      <testcase assertions="0" classname="jquery plugin" name="should add add custom text to the element" time="0">
        
      </testcase>
    
  </testsuite>

</testsuites>