<?xml version="1.0" encoding="UTF-8" ?>
<testsuites>

  <testsuite name="Simple object" errors="0" tests="2" failures="0" time="0.001" timestamp="Tue Jun 03 2014 15:00:01 GMT-0300 (BRT)">
    
      <testcase assertions="0" classname="Simple object" name="should say hi" time="0.001">
        
      </testcase>
    
      <testcase assertions="0" classname="Simple object" name="should say hello" time="0">
        
      </testcase>
    
  </testsuite>

</testsuites>